<?xml version="1.0" encoding="utf-8"?>
<coverage line-rate="1" branch-rate="1" version="1.9" timestamp="1780594547" lines-covered="151" lines-valid="151" branches-covered="20" branches-valid="20">
  <sources>
    <source>C:\Users\david\source\repos\panoramicdata\Logitech.Api\Logitech.Api\</source>
  </sources>
  <packages>
    <package name="Logitech.Api" line-rate="1" branch-rate="1" complexity="113">
      <classes>
        <class name="Logitech.Api.AuthenticatedHttpHandler" filename="AuthenticatedHttpHandler.cs" line-rate="1" branch-rate="1" complexity="16">
          <methods>
            <method name="SendAsync" signature="(System.Net.Http.HttpRequestMessage,System.Threading.CancellationToken)" line-rate="1" branch-rate="1" complexity="6">
              <lines>
                <line number="27" hits="7" branch="False" />
                <line number="28" hits="7" branch="True" condition-coverage="100% (2/2)">
                  <conditions>
                    <condition number="7" type="jump" coverage="100%" />
                  </conditions>
                </line>
                <line number="29" hits="1" branch="False" />
                <line number="30" hits="1" branch="False" />
                <line number="33" hits="6" branch="True" condition-coverage="100% (2/2)">
                  <conditions>
                    <condition number="37" type="jump" coverage="100%" />
                  </conditions>
                </line>
                <line number="34" hits="5" branch="False" />
                <line number="35" hits="5" branch="True" condition-coverage="100% (2/2)">
                  <conditions>
                    <condition number="53" type="jump" coverage="100%" />
                  </conditions>
                </line>
                <line number="36" hits="4" branch="False" />
                <line number="37" hits="4" branch="False" />
                <line number="39" hits="1" branch="False" />
                <line number="41" hits="2" branch="False" />
                <line number="42" hits="2" branch="False" />
              </lines>
            </method>
            <method name="IsWriteMethod" signature="(System.Net.Http.HttpMethod)" line-rate="1" branch-rate="1" complexity="6">
              <lines>
                <line number="45" hits="5" branch="False" />
                <line number="46" hits="5" branch="True" condition-coverage="100% (6/6)">
                  <conditions>
                    <condition number="12" type="jump" coverage="100%" />
                    <condition number="25" type="jump" coverage="100%" />
                    <condition number="38" type="jump" coverage="100%" />
                  </conditions>
                </line>
                <line number="47" hits="5" branch="False" />
                <line number="48" hits="5" branch="False" />
                <line number="49" hits="5" branch="False" />
                <line number="50" hits="5" branch="False" />
              </lines>
            </method>
            <method name=".ctor" signature="(Logitech.Api.LogitechSyncClientOptions)" line-rate="1" branch-rate="1" complexity="4">
              <lines>
                <line number="13" hits="11" branch="False" />
                <line number="14" hits="11" branch="False" />
                <line number="15" hits="11" branch="True" condition-coverage="100% (2/2)">
                  <conditions>
                    <condition number="11" type="jump" coverage="100%" />
                  </conditions>
                </line>
                <line number="17" hits="10" branch="False" />
                <line number="18" hits="10" branch="True" condition-coverage="100% (2/2)">
                  <conditions>
                    <condition number="55" type="jump" coverage="100%" />
                  </conditions>
                </line>
                <line number="19" hits="1" branch="False" />
                <line number="20" hits="1" branch="False" />
                <line number="21" hits="1" branch="False" />
                <line number="23" hits="10" branch="False" />
                <line number="24" hits="10" branch="False" />
              </lines>
            </method>
          </methods>
          <lines>
            <line number="27" hits="7" branch="False" />
            <line number="28" hits="7" branch="True" condition-coverage="100% (2/2)">
              <conditions>
                <condition number="7" type="jump" coverage="100%" />
              </conditions>
            </line>
            <line number="29" hits="1" branch="False" />
            <line number="30" hits="1" branch="False" />
            <line number="33" hits="6" branch="True" condition-coverage="100% (2/2)">
              <conditions>
                <condition number="37" type="jump" coverage="100%" />
              </conditions>
            </line>
            <line number="34" hits="5" branch="False" />
            <line number="35" hits="5" branch="True" condition-coverage="100% (2/2)">
              <conditions>
                <condition number="53" type="jump" coverage="100%" />
              </conditions>
            </line>
            <line number="36" hits="4" branch="False" />
            <line number="37" hits="4" branch="False" />
            <line number="39" hits="1" branch="False" />
            <line number="41" hits="2" branch="False" />
            <line number="42" hits="2" branch="False" />
            <line number="45" hits="5" branch="False" />
            <line number="46" hits="5" branch="True" condition-coverage="100% (6/6)">
              <conditions>
                <condition number="12" type="jump" coverage="100%" />
                <condition number="25" type="jump" coverage="100%" />
                <condition number="38" type="jump" coverage="100%" />
              </conditions>
            </line>
            <line number="47" hits="5" branch="False" />
            <line number="48" hits="5" branch="False" />
            <line number="49" hits="5" branch="False" />
            <line number="50" hits="5" branch="False" />
            <line number="13" hits="11" branch="False" />
            <line number="14" hits="11" branch="False" />
            <line number="15" hits="11" branch="True" condition-coverage="100% (2/2)">
              <conditions>
                <condition number="11" type="jump" coverage="100%" />
              </conditions>
            </line>
            <line number="17" hits="10" branch="False" />
            <line number="18" hits="10" branch="True" condition-coverage="100% (2/2)">
              <conditions>
                <condition number="55" type="jump" coverage="100%" />
              </conditions>
            </line>
            <line number="19" hits="1" branch="False" />
            <line number="20" hits="1" branch="False" />
            <line number="21" hits="1" branch="False" />
            <line number="23" hits="10" branch="False" />
            <line number="24" hits="10" branch="False" />
          </lines>
        </class>
        <class name="Logitech.Api.LogitechSyncClient" filename="LogitechSyncClient.cs" line-rate="1" branch-rate="1" complexity="6">
          <methods>
            <method name="get_Places" signature="()" line-rate="1" branch-rate="1" complexity="1">
              <lines>
                <line number="52" hits="2" branch="False" />
              </lines>
            </method>
            <method name=".ctor" signature="(System.Net.Http.HttpClient,Logitech.Api.LogitechSyncClientOptions)" line-rate="1" branch-rate="1" complexity="4">
              <lines>
                <line number="18" hits="5" branch="False" />
                <line number="19" hits="5" branch="False" />
                <line number="20" hits="5" branch="False" />
                <line number="21" hits="4" branch="False" />
                <line number="23" hits="3" branch="True" condition-coverage="100% (2/2)">
                  <conditions>
                    <condition number="43" type="jump" coverage="100%" />
                  </conditions>
                </line>
                <line number="24" hits="1" branch="False" />
                <line number="25" hits="1" branch="False" />
                <line number="28" hits="2" branch="False" />
                <line number="29" hits="2" branch="False" />
                <line number="30" hits="2" branch="False" />
                <line number="31" hits="2" branch="False" />
                <line number="33" hits="2" branch="False" />
                <line number="34" hits="2" branch="False" />
                <line number="35" hits="2" branch="False" />
                <line number="36" hits="2" branch="False" />
                <line number="37" hits="2" branch="False" />
                <line number="39" hits="8" branch="True" condition-coverage="100% (2/2)">
                  <conditions>
                    <condition number="174" type="jump" coverage="100%" />
                  </conditions>
                </line>
                <line number="40" hits="1" branch="False" />
                <line number="41" hits="1" branch="False" />
                <line number="42" hits="1" branch="False" />
                <line number="44" hits="2" branch="False" />
                <line number="45" hits="2" branch="False" />
                <line number="46" hits="2" branch="False" />
                <line number="47" hits="2" branch="False" />
                <line number="49" hits="2" branch="False" />
                <line number="50" hits="2" branch="False" />
              </lines>
            </method>
            <method name=".cctor" signature="()" line-rate="1" branch-rate="1" complexity="1">
              <lines>
                <line number="12" hits="1" branch="False" />
                <line number="13" hits="1" branch="False" />
                <line number="14" hits="1" branch="False" />
                <line number="15" hits="1" branch="False" />
                <line number="16" hits="1" branch="False" />
              </lines>
            </method>
          </methods>
          <lines>
            <line number="52" hits="2" branch="False" />
            <line number="18" hits="5" branch="False" />
            <line number="19" hits="5" branch="False" />
            <line number="20" hits="5" branch="False" />
            <line number="21" hits="4" branch="False" />
            <line number="23" hits="3" branch="True" condition-coverage="100% (2/2)">
              <conditions>
                <condition number="43" type="jump" coverage="100%" />
              </conditions>
            </line>
            <line number="24" hits="1" branch="False" />
            <line number="25" hits="1" branch="False" />
            <line number="28" hits="2" branch="False" />
            <line number="29" hits="2" branch="False" />
            <line number="30" hits="2" branch="False" />
            <line number="31" hits="2" branch="False" />
            <line number="33" hits="2" branch="False" />
            <line number="34" hits="2" branch="False" />
            <line number="35" hits="2" branch="False" />
            <line number="36" hits="2" branch="False" />
            <line number="37" hits="2" branch="False" />
            <line number="39" hits="8" branch="True" condition-coverage="100% (2/2)">
              <conditions>
                <condition number="174" type="jump" coverage="100%" />
              </conditions>
            </line>
            <line number="40" hits="1" branch="False" />
            <line number="41" hits="1" branch="False" />
            <line number="42" hits="1" branch="False" />
            <line number="44" hits="2" branch="False" />
            <line number="45" hits="2" branch="False" />
            <line number="46" hits="2" branch="False" />
            <line number="47" hits="2" branch="False" />
            <line number="49" hits="2" branch="False" />
            <line number="50" hits="2" branch="False" />
            <line number="12" hits="1" branch="False" />
            <line number="13" hits="1" branch="False" />
            <line number="14" hits="1" branch="False" />
            <line number="15" hits="1" branch="False" />
            <line number="16" hits="1" branch="False" />
          </lines>
        </class>
        <class name="Logitech.Api.LogitechSyncClientOptions" filename="LogitechSyncClientOptions.cs" line-rate="1" branch-rate="1" complexity="3">
          <methods>
            <method name="get_Logger" signature="()" line-rate="1" branch-rate="1" complexity="1">
              <lines>
                <line number="8" hits="2" branch="False" />
              </lines>
            </method>
            <method name="get_ClientCertificate" signature="()" line-rate="1" branch-rate="1" complexity="1">
              <lines>
                <line number="10" hits="14" branch="False" />
              </lines>
            </method>
            <method name="get_IsWritePermitted" signature="()" line-rate="1" branch-rate="1" complexity="1">
              <lines>
                <line number="12" hits="27" branch="False" />
              </lines>
            </method>
          </methods>
          <lines>
            <line number="8" hits="2" branch="False" />
            <line number="10" hits="14" branch="False" />
            <line number="12" hits="27" branch="False" />
          </lines>
        </class>
        <class name="Logitech.Api.Data.ComputerDevice" filename="Data\ComputerDevice.cs" line-rate="1" branch-rate="1" complexity="9">
          <methods>
            <method name="get_Id" signature="()" line-rate="1" branch-rate="1" complexity="1">
              <lines>
                <line number="5" hits="3" branch="False" />
              </lines>
            </method>
            <method name="get_Type" signature="()" line-rate="1" branch-rate="1" complexity="1">
              <lines>
                <line number="6" hits="3" branch="False" />
              </lines>
            </method>
            <method name="get_Name" signature="()" line-rate="1" branch-rate="1" complexity="1">
              <lines>
                <line number="7" hits="3" branch="False" />
              </lines>
            </method>
            <method name="get_Version" signature="()" line-rate="1" branch-rate="1" complexity="1">
              <lines>
                <line number="8" hits="3" branch="False" />
              </lines>
            </method>
            <method name="get_Status" signature="()" line-rate="1" branch-rate="1" complexity="1">
              <lines>
                <line number="9" hits="3" branch="False" />
              </lines>
            </method>
            <method name="get_HealthStatus" signature="()" line-rate="1" branch-rate="1" complexity="1">
              <lines>
                <line number="10" hits="3" branch="False" />
              </lines>
            </method>
            <method name="get_Network" signature="()" line-rate="1" branch-rate="1" complexity="1">
              <lines>
                <line number="11" hits="2" branch="False" />
              </lines>
            </method>
            <method name="get_LastSeen" signature="()" line-rate="1" branch-rate="1" complexity="1">
              <lines>
                <line number="12" hits="2" branch="False" />
              </lines>
            </method>
            <method name="get_CreatedAt" signature="()" line-rate="1" branch-rate="1" complexity="1">
              <lines>
                <line number="13" hits="2" branch="False" />
              </lines>
            </method>
          </methods>
          <lines>
            <line number="5" hits="3" branch="False" />
            <line number="6" hits="3" branch="False" />
            <line number="7" hits="3" branch="False" />
            <line number="8" hits="3" branch="False" />
            <line number="9" hits="3" branch="False" />
            <line number="10" hits="3" branch="False" />
            <line number="11" hits="2" branch="False" />
            <line number="12" hits="2" branch="False" />
            <line number="13" hits="2" branch="False" />
          </lines>
        </class>
        <class name="Logitech.Api.Data.ComputerDeviceNetwork" filename="Data\ComputerDeviceNetwork.cs" line-rate="1" branch-rate="1" complexity="2">
          <methods>
            <method name="get_Ip" signature="()" line-rate="1" branch-rate="1" complexity="1">
              <lines>
                <line number="5" hits="4" branch="False" />
              </lines>
            </method>
            <method name="get_Mac" signature="()" line-rate="1" branch-rate="1" complexity="1">
              <lines>
                <line number="6" hits="4" branch="False" />
              </lines>
            </method>
          </methods>
          <lines>
            <line number="5" hits="4" branch="False" />
            <line number="6" hits="4" branch="False" />
          </lines>
        </class>
        <class name="Logitech.Api.Data.Desk" filename="Data\Desk.cs" line-rate="1" branch-rate="1" complexity="8">
          <methods>
            <method name="get_Id" signature="()" line-rate="1" branch-rate="1" complexity="1">
              <lines>
                <line number="8" hits="3" branch="False" />
              </lines>
            </method>
            <method name="get_Type" signature="()" line-rate="1" branch-rate="1" complexity="1">
              <lines>
                <line number="9" hits="3" branch="False" />
              </lines>
            </method>
            <method name="get_Name" signature="()" line-rate="1" branch-rate="1" complexity="1">
              <lines>
                <line number="10" hits="3" branch="False" />
              </lines>
            </method>
            <method name="get_Location" signature="()" line-rate="1" branch-rate="1" complexity="1">
              <lines>
                <line number="11" hits="3" branch="False" />
              </lines>
            </method>
            <method name="get_Contract" signature="()" line-rate="1" branch-rate="1" complexity="1">
              <lines>
                <line number="12" hits="2" branch="False" />
              </lines>
            </method>
            <method name="get_License" signature="()" line-rate="1" branch-rate="1" complexity="1">
              <lines>
                <line number="13" hits="2" branch="False" />
              </lines>
            </method>
            <method name="get_Devices" signature="()" line-rate="1" branch-rate="1" complexity="1">
              <lines>
                <line number="14" hits="3" branch="False" />
              </lines>
            </method>
            <method name="get_CreatedAt" signature="()" line-rate="1" branch-rate="1" complexity="1">
              <lines>
                <line number="15" hits="2" branch="False" />
              </lines>
            </method>
          </methods>
          <lines>
            <line number="8" hits="3" branch="False" />
            <line number="9" hits="3" branch="False" />
            <line number="10" hits="3" branch="False" />
            <line number="11" hits="3" branch="False" />
            <line number="12" hits="2" branch="False" />
            <line number="13" hits="2" branch="False" />
            <line number="14" hits="3" branch="False" />
            <line number="15" hits="2" branch="False" />
          </lines>
        </class>
        <class name="Logitech.Api.Data.DeviceNetwork" filename="Data\DeviceNetwork.cs" line-rate="1" branch-rate="1" complexity="5">
          <methods>
            <method name="get_Ip" signature="()" line-rate="1" branch-rate="1" complexity="1">
              <lines>
                <line number="5" hits="2" branch="False" />
              </lines>
            </method>
            <method name="get_Mac" signature="()" line-rate="1" branch-rate="1" complexity="1">
              <lines>
                <line number="6" hits="2" branch="False" />
              </lines>
            </method>
            <method name="get_HostName" signature="()" line-rate="1" branch-rate="1" complexity="1">
              <lines>
                <line number="7" hits="2" branch="False" />
              </lines>
            </method>
            <method name="get_Wired" signature="()" line-rate="1" branch-rate="1" complexity="1">
              <lines>
                <line number="8" hits="2" branch="False" />
              </lines>
            </method>
            <method name="get_Wireless" signature="()" line-rate="1" branch-rate="1" complexity="1">
              <lines>
                <line number="9" hits="2" branch="False" />
              </lines>
            </method>
          </methods>
          <lines>
            <line number="5" hits="2" branch="False" />
            <line number="6" hits="2" branch="False" />
            <line number="7" hits="2" branch="False" />
            <line number="8" hits="2" branch="False" />
            <line number="9" hits="2" branch="False" />
          </lines>
        </class>
        <class name="Logitech.Api.Data.DeviceNetworkConfig" filename="Data\DeviceNetworkConfig.cs" line-rate="1" branch-rate="1" complexity="5">
          <methods>
            <method name="get_Mode" signature="()" line-rate="1" branch-rate="1" complexity="1">
              <lines>
                <line number="7" hits="5" branch="False" />
              </lines>
            </method>
            <method name="get_Address" signature="()" line-rate="1" branch-rate="1" complexity="1">
              <lines>
                <line number="8" hits="2" branch="False" />
              </lines>
            </method>
            <method name="get_Gateway" signature="()" line-rate="1" branch-rate="1" complexity="1">
              <lines>
                <line number="9" hits="2" branch="False" />
              </lines>
            </method>
            <method name="get_SubnetMask" signature="()" line-rate="1" branch-rate="1" complexity="1">
              <lines>
                <line number="10" hits="2" branch="False" />
              </lines>
            </method>
            <method name="get_Dns" signature="()" line-rate="1" branch-rate="1" complexity="1">
              <lines>
                <line number="11" hits="2" branch="False" />
              </lines>
            </method>
          </methods>
          <lines>
            <line number="7" hits="5" branch="False" />
            <line number="8" hits="2" branch="False" />
            <line number="9" hits="2" branch="False" />
            <line number="10" hits="2" branch="False" />
            <line number="11" hits="2" branch="False" />
          </lines>
        </class>
        <class name="Logitech.Api.Data.DeviceSensors" filename="Data\DeviceSensors.cs" line-rate="1" branch-rate="1" complexity="10">
          <methods>
            <method name="get_LatestTs" signature="()" line-rate="1" branch-rate="1" complexity="1">
              <lines>
                <line number="5" hits="2" branch="False" />
              </lines>
            </method>
            <method name="get_Co2" signature="()" line-rate="1" branch-rate="1" complexity="1">
              <lines>
                <line number="6" hits="2" branch="False" />
              </lines>
            </method>
            <method name="get_Pressure" signature="()" line-rate="1" branch-rate="1" complexity="1">
              <lines>
                <line number="7" hits="2" branch="False" />
              </lines>
            </method>
            <method name="get_Temperature" signature="()" line-rate="1" branch-rate="1" complexity="1">
              <lines>
                <line number="8" hits="2" branch="False" />
              </lines>
            </method>
            <method name="get_Humidity" signature="()" line-rate="1" branch-rate="1" complexity="1">
              <lines>
                <line number="9" hits="2" branch="False" />
              </lines>
            </method>
            <method name="get_Tvoc" signature="()" line-rate="1" branch-rate="1" complexity="1">
              <lines>
                <line number="10" hits="2" branch="False" />
              </lines>
            </method>
            <method name="get_VocIndex" signature="()" line-rate="1" branch-rate="1" complexity="1">
              <lines>
                <line number="11" hits="2" branch="False" />
              </lines>
            </method>
            <method name="get_Pm10" signature="()" line-rate="1" branch-rate="1" complexity="1">
              <lines>
                <line number="12" hits="2" branch="False" />
              </lines>
            </method>
            <method name="get_Pm25" signature="()" line-rate="1" branch-rate="1" complexity="1">
              <lines>
                <line number="13" hits="2" branch="False" />
              </lines>
            </method>
            <method name="get_Presence" signature="()" line-rate="1" branch-rate="1" complexity="1">
              <lines>
                <line number="14" hits="2" branch="False" />
              </lines>
            </method>
          </methods>
          <lines>
            <line number="5" hits="2" branch="False" />
            <line number="6" hits="2" branch="False" />
            <line number="7" hits="2" branch="False" />
            <line number="8" hits="2" branch="False" />
            <line number="9" hits="2" branch="False" />
            <line number="10" hits="2" branch="False" />
            <line number="11" hits="2" branch="False" />
            <line number="12" hits="2" branch="False" />
            <line number="13" hits="2" branch="False" />
            <line number="14" hits="2" branch="False" />
          </lines>
        </class>
        <class name="Logitech.Api.Data.DeviceWarranty" filename="Data\DeviceWarranty.cs" line-rate="1" branch-rate="1" complexity="2">
          <methods>
            <method name="get_Type" signature="()" line-rate="1" branch-rate="1" complexity="1">
              <lines>
                <line number="5" hits="4" branch="False" />
              </lines>
            </method>
            <method name="get_ExpiresAt" signature="()" line-rate="1" branch-rate="1" complexity="1">
              <lines>
                <line number="6" hits="2" branch="False" />
              </lines>
            </method>
          </methods>
          <lines>
            <line number="5" hits="4" branch="False" />
            <line number="6" hits="2" branch="False" />
          </lines>
        </class>
        <class name="Logitech.Api.Data.GenericDevice" filename="Data\GenericDevice.cs" line-rate="1" branch-rate="1" complexity="8">
          <methods>
            <method name="get_Id" signature="()" line-rate="1" branch-rate="1" complexity="1">
              <lines>
                <line number="5" hits="3" branch="False" />
              </lines>
            </method>
            <method name="get_Type" signature="()" line-rate="1" branch-rate="1" complexity="1">
              <lines>
                <line number="6" hits="3" branch="False" />
              </lines>
            </method>
            <method name="get_Name" signature="()" line-rate="1" branch-rate="1" complexity="1">
              <lines>
                <line number="7" hits="3" branch="False" />
              </lines>
            </method>
            <method name="get_Version" signature="()" line-rate="1" branch-rate="1" complexity="1">
              <lines>
                <line number="8" hits="2" branch="False" />
              </lines>
            </method>
            <method name="get_Status" signature="()" line-rate="1" branch-rate="1" complexity="1">
              <lines>
                <line number="9" hits="3" branch="False" />
              </lines>
            </method>
            <method name="get_HealthStatus" signature="()" line-rate="1" branch-rate="1" complexity="1">
              <lines>
                <line number="10" hits="3" branch="False" />
              </lines>
            </method>
            <method name="get_LastSeen" signature="()" line-rate="1" branch-rate="1" complexity="1">
              <lines>
                <line number="11" hits="2" branch="False" />
              </lines>
            </method>
            <method name="get_CreatedAt" signature="()" line-rate="1" branch-rate="1" complexity="1">
              <lines>
                <line number="12" hits="2" branch="False" />
              </lines>
            </method>
          </methods>
          <lines>
            <line number="5" hits="3" branch="False" />
            <line number="6" hits="3" branch="False" />
            <line number="7" hits="3" branch="False" />
            <line number="8" hits="2" branch="False" />
            <line number="9" hits="3" branch="False" />
            <line number="10" hits="3" branch="False" />
            <line number="11" hits="2" branch="False" />
            <line number="12" hits="2" branch="False" />
          </lines>
        </class>
        <class name="Logitech.Api.Data.LogitechDevice" filename="Data\LogitechDevice.cs" line-rate="1" branch-rate="1" complexity="13">
          <methods>
            <method name="get_Id" signature="()" line-rate="1" branch-rate="1" complexity="1">
              <lines>
                <line number="7" hits="5" branch="False" />
              </lines>
            </method>
            <method name="get_Type" signature="()" line-rate="1" branch-rate="1" complexity="1">
              <lines>
                <line number="8" hits="4" branch="False" />
              </lines>
            </method>
            <method name="get_Name" signature="()" line-rate="1" branch-rate="1" complexity="1">
              <lines>
                <line number="9" hits="4" branch="False" />
              </lines>
            </method>
            <method name="get_Version" signature="()" line-rate="1" branch-rate="1" complexity="1">
              <lines>
                <line number="10" hits="4" branch="False" />
              </lines>
            </method>
            <method name="get_Serial" signature="()" line-rate="1" branch-rate="1" complexity="1">
              <lines>
                <line number="11" hits="2" branch="False" />
              </lines>
            </method>
            <method name="get_Status" signature="()" line-rate="1" branch-rate="1" complexity="1">
              <lines>
                <line number="12" hits="4" branch="False" />
              </lines>
            </method>
            <method name="get_HealthStatus" signature="()" line-rate="1" branch-rate="1" complexity="1">
              <lines>
                <line number="13" hits="4" branch="False" />
              </lines>
            </method>
            <method name="get_Peripherals" signature="()" line-rate="1" branch-rate="1" complexity="1">
              <lines>
                <line number="14" hits="2" branch="False" />
              </lines>
            </method>
            <method name="get_Network" signature="()" line-rate="1" branch-rate="1" complexity="1">
              <lines>
                <line number="15" hits="2" branch="False" />
              </lines>
            </method>
            <method name="get_Sensors" signature="()" line-rate="1" branch-rate="1" complexity="1">
              <lines>
                <line number="16" hits="2" branch="False" />
              </lines>
            </method>
            <method name="get_Warranty" signature="()" line-rate="1" branch-rate="1" complexity="1">
              <lines>
                <line number="17" hits="2" branch="False" />
              </lines>
            </method>
            <method name="get_LastSeen" signature="()" line-rate="1" branch-rate="1" complexity="1">
              <lines>
                <line number="18" hits="2" branch="False" />
              </lines>
            </method>
            <method name="get_CreatedAt" signature="()" line-rate="1" branch-rate="1" complexity="1">
              <lines>
                <line number="19" hits="2" branch="False" />
              </lines>
            </method>
          </methods>
          <lines>
            <line number="7" hits="5" branch="False" />
            <line number="8" hits="4" branch="False" />
            <line number="9" hits="4" branch="False" />
            <line number="10" hits="4" branch="False" />
            <line number="11" hits="2" branch="False" />
            <line number="12" hits="4" branch="False" />
            <line number="13" hits="4" branch="False" />
            <line number="14" hits="2" branch="False" />
            <line number="15" hits="2" branch="False" />
            <line number="16" hits="2" branch="False" />
            <line number="17" hits="2" branch="False" />
            <line number="18" hits="2" branch="False" />
            <line number="19" hits="2" branch="False" />
          </lines>
        </class>
        <class name="Logitech.Api.Data.Peripherals" filename="Data\LogitechDevice.cs" line-rate="1" branch-rate="1" complexity="6">
          <methods>
            <method name="get_Camera" signature="()" line-rate="1" branch-rate="1" complexity="1">
              <lines>
                <line number="24" hits="2" branch="False" />
              </lines>
            </method>
            <method name="get_Speaker" signature="()" line-rate="1" branch-rate="1" complexity="1">
              <lines>
                <line number="25" hits="2" branch="False" />
              </lines>
            </method>
            <method name="get_DisplayHub" signature="()" line-rate="1" branch-rate="1" complexity="1">
              <lines>
                <line number="26" hits="2" branch="False" />
              </lines>
            </method>
            <method name="get_TableHub" signature="()" line-rate="1" branch-rate="1" complexity="1">
              <lines>
                <line number="27" hits="2" branch="False" />
              </lines>
            </method>
            <method name="get_MicPod" signature="()" line-rate="1" branch-rate="1" complexity="1">
              <lines>
                <line number="28" hits="2" branch="False" />
              </lines>
            </method>
            <method name="get_MicPodHub" signature="()" line-rate="1" branch-rate="1" complexity="1">
              <lines>
                <line number="29" hits="2" branch="False" />
              </lines>
            </method>
          </methods>
          <lines>
            <line number="24" hits="2" branch="False" />
            <line number="25" hits="2" branch="False" />
            <line number="26" hits="2" branch="False" />
            <line number="27" hits="2" branch="False" />
            <line number="28" hits="2" branch="False" />
            <line number="29" hits="2" branch="False" />
          </lines>
        </class>
        <class name="Logitech.Api.Data.Peripheral" filename="Data\LogitechDevice.cs" line-rate="1" branch-rate="1" complexity="1">
          <methods>
            <method name="get_Count" signature="()" line-rate="1" branch-rate="1" complexity="1">
              <lines>
                <line number="34" hits="9" branch="False" />
              </lines>
            </method>
          </methods>
          <lines>
            <line number="34" hits="9" branch="False" />
          </lines>
        </class>
        <class name="Logitech.Api.Data.PeripheralCount" filename="Data\PeripheralCount.cs" line-rate="1" branch-rate="1" complexity="2">
          <methods>
            <method name="get_Expected" signature="()" line-rate="1" branch-rate="1" complexity="1">
              <lines>
                <line number="5" hits="2" branch="False" />
              </lines>
            </method>
            <method name="get_Actual" signature="()" line-rate="1" branch-rate="1" complexity="1">
              <lines>
                <line number="6" hits="2" branch="False" />
              </lines>
            </method>
          </methods>
          <lines>
            <line number="5" hits="2" branch="False" />
            <line number="6" hits="2" branch="False" />
          </lines>
        </class>
        <class name="Logitech.Api.Data.PlaceContract" filename="Data\PlaceContract.cs" line-rate="1" branch-rate="1" complexity="4">
          <methods>
            <method name="get_Service" signature="()" line-rate="1" branch-rate="1" complexity="1">
              <lines>
                <line number="5" hits="5" branch="False" />
              </lines>
            </method>
            <method name="get_Name" signature="()" line-rate="1" branch-rate="1" complexity="1">
              <lines>
                <line number="6" hits="5" branch="False" />
              </lines>
            </method>
            <method name="get_Number" signature="()" line-rate="1" branch-rate="1" complexity="1">
              <lines>
                <line number="7" hits="2" branch="False" />
              </lines>
            </method>
            <method name="get_ExpiresAt" signature="()" line-rate="1" branch-rate="1" complexity="1">
              <lines>
                <line number="8" hits="2" branch="False" />
              </lines>
            </method>
          </methods>
          <lines>
            <line number="5" hits="5" branch="False" />
            <line number="6" hits="5" branch="False" />
            <line number="7" hits="2" branch="False" />
            <line number="8" hits="2" branch="False" />
          </lines>
        </class>
        <class name="Logitech.Api.Data.PlaceResponse" filename="Data\PlaceResponse.cs" line-rate="1" branch-rate="1" complexity="2">
          <methods>
            <method name="get_Places" signature="()" line-rate="1" branch-rate="1" complexity="1">
              <lines>
                <line number="8" hits="4" branch="False" />
              </lines>
            </method>
            <method name="get_Continuation" signature="()" line-rate="1" branch-rate="1" complexity="1">
              <lines>
                <line number="10" hits="3" branch="False" />
              </lines>
            </method>
          </methods>
          <lines>
            <line number="8" hits="4" branch="False" />
            <line number="10" hits="3" branch="False" />
          </lines>
        </class>
        <class name="Logitech.Api.Data.Room" filename="Data\Room.cs" line-rate="1" branch-rate="1" complexity="11">
          <methods>
            <method name="get_Id" signature="()" line-rate="1" branch-rate="1" complexity="1">
              <lines>
                <line number="8" hits="3" branch="False" />
              </lines>
            </method>
            <method name="get_Type" signature="()" line-rate="1" branch-rate="1" complexity="1">
              <lines>
                <line number="9" hits="3" branch="False" />
              </lines>
            </method>
            <method name="get_Name" signature="()" line-rate="1" branch-rate="1" complexity="1">
              <lines>
                <line number="10" hits="3" branch="False" />
              </lines>
            </method>
            <method name="get_Group" signature="()" line-rate="1" branch-rate="1" complexity="1">
              <lines>
                <line number="11" hits="3" branch="False" />
              </lines>
            </method>
            <method name="get_Location" signature="()" line-rate="1" branch-rate="1" complexity="1">
              <lines>
                <line number="12" hits="3" branch="False" />
              </lines>
            </method>
            <method name="get_SeatCount" signature="()" line-rate="1" branch-rate="1" complexity="1">
              <lines>
                <line number="13" hits="2" branch="False" />
              </lines>
            </method>
            <method name="get_Occupancy" signature="()" line-rate="1" branch-rate="1" complexity="1">
              <lines>
                <line number="14" hits="2" branch="False" />
              </lines>
            </method>
            <method name="get_Contract" signature="()" line-rate="1" branch-rate="1" complexity="1">
              <lines>
                <line number="15" hits="2" branch="False" />
              </lines>
            </method>
            <method name="get_License" signature="()" line-rate="1" branch-rate="1" complexity="1">
              <lines>
                <line number="16" hits="2" branch="False" />
              </lines>
            </method>
            <method name="get_Devices" signature="()" line-rate="1" branch-rate="1" complexity="1">
              <lines>
                <line number="17" hits="3" branch="False" />
              </lines>
            </method>
            <method name="get_CreatedAt" signature="()" line-rate="1" branch-rate="1" complexity="1">
              <lines>
                <line number="18" hits="2" branch="False" />
              </lines>
            </method>
          </methods>
          <lines>
            <line number="8" hits="3" branch="False" />
            <line number="9" hits="3" branch="False" />
            <line number="10" hits="3" branch="False" />
            <line number="11" hits="3" branch="False" />
            <line number="12" hits="3" branch="False" />
            <line number="13" hits="2" branch="False" />
            <line number="14" hits="2" branch="False" />
            <line number="15" hits="2" branch="False" />
            <line number="16" hits="2" branch="False" />
            <line number="17" hits="3" branch="False" />
            <line number="18" hits="2" branch="False" />
          </lines>
        </class>
      </classes>
    </package>
  </packages>
</coverage>